<?xml version="1.0" encoding="UTF-8"?>
<!-- Generated by org.testng.reporters.JUnitReportReporter -->
<testsuite hostname="DESKTOP-0SS9PSC" failures="0" tests="3" name="TestsSearchCriteriaFiltersAndMap" time="144.566" errors="0" timestamp="2020-07-17T16:43:51 EEST" skipped="0">
  <testcase classname="TestsSearchCriteriaFiltersAndMap" name="testValidateSearchCriteria" time="44.328"/>
  <system-out/>
  <testcase classname="TestsSearchCriteriaFiltersAndMap" name="testValidateDetailsPageExtraFilters" time="58.224"/>
  <system-out/>
  <testcase classname="TestsSearchCriteriaFiltersAndMap" name="testValidatePropertyMap" time="42.014"/>
  <system-out/>
</testsuite> <!-- TestsSearchCriteriaFiltersAndMap -->
